<?xml version="1.0" encoding="UTF-8"?>
<!-- Generated by org.testng.reporters.JUnitXMLReporter -->
<testsuite ignored="2" hostname="LAPTOP-ILOC8T9P" failures="0" tests="3" name="Test" time="0.06" errors="0" timestamp="2023-05-11T19:33:04 IST">
  <testcase classname="testNG.Data_provider" name="test" time="0.011"/>
  <testcase classname="testNG.Data_provider" name="test1" time="0.001"/>
  <testcase classname="testNG.Data_provider" name="test3" time="0.002"/>
  <testcase classname="testNG.Data_provider" name="test2" time="0.0">
    <ignored/>
  </testcase> <!-- test2 -->
  <testcase classname="testNG.Data_provider" name="test4" time="0.0">
    <ignored/>
  </testcase> <!-- test4 -->
</testsuite> <!-- Test -->
