<?xml version="1.0" encoding="UTF-8"?>
<testng-results ignored="2" total="5" passed="3" failed="0" skipped="0">
  <reporter-output>
  </reporter-output>
  <suite started-at="2023-05-11T19:33:04 IST" name="Suite" finished-at="2023-05-11T19:33:04 IST" duration-ms="60">
    <groups>
      <group name="smoke">
        <method signature="Data_provider.test()[pri:0, instance:testNG.Data_provider@ffaa6af]" name="test" class="testNG.Data_provider"/>
        <method signature="Data_provider.test1()[pri:0, instance:testNG.Data_provider@ffaa6af]" name="test1" class="testNG.Data_provider"/>
        <method signature="Data_provider.test3()[pri:0, instance:testNG.Data_provider@ffaa6af]" name="test3" class="testNG.Data_provider"/>
      </group> <!-- smoke -->
      <group name="sanity">
        <method signature="Data_provider.test1()[pri:0, instance:testNG.Data_provider@ffaa6af]" name="test1" class="testNG.Data_provider"/>
      </group> <!-- sanity -->
    </groups>
    <test started-at="2023-05-11T19:33:04 IST" name="Test" finished-at="2023-05-11T19:33:04 IST" duration-ms="60">
      <class name="testNG.Data_provider">
        <test-method signature="test()[pri:0, instance:testNG.Data_provider@ffaa6af]" started-at="2023-05-11T19:33:04 IST" name="test" finished-at="2023-05-11T19:33:04 IST" duration-ms="11" status="PASS">
          <reporter-output>
          </reporter-output>
        </test-method> <!-- test -->
        <test-method signature="test1()[pri:0, instance:testNG.Data_provider@ffaa6af]" started-at="2023-05-11T19:33:04 IST" name="test1" finished-at="2023-05-11T19:33:04 IST" duration-ms="1" status="PASS">
          <reporter-output>
          </reporter-output>
        </test-method> <!-- test1 -->
        <test-method signature="test3()[pri:0, instance:testNG.Data_provider@ffaa6af]" started-at="2023-05-11T19:33:04 IST" name="test3" finished-at="2023-05-11T19:33:04 IST" duration-ms="2" status="PASS">
          <reporter-output>
          </reporter-output>
        </test-method> <!-- test3 -->
      </class> <!-- testNG.Data_provider -->
    </test> <!-- Test -->
  </suite> <!-- Suite -->
</testng-results>
